0 info it worked if it ends with ok
1 verbose cli [ '/usr/bin/nodejs', '/usr/bin/npm', 'run', 'dev' ]
2 info using npm@4.1.2
3 info using node@v7.5.0
4 verbose run-script [ 'predev', 'dev', 'postdev' ]
5 info lifecycle webpack-custom-bundle@1.0.0~predev: webpack-custom-bundle@1.0.0
6 silly lifecycle webpack-custom-bundle@1.0.0~predev: no script for predev, continuing
7 info lifecycle webpack-custom-bundle@1.0.0~dev: webpack-custom-bundle@1.0.0
8 verbose lifecycle webpack-custom-bundle@1.0.0~dev: unsafe-perm in lifecycle true
9 verbose lifecycle webpack-custom-bundle@1.0.0~dev: PATH: /usr/lib/node_modules/npm/bin/node-gyp-bin:/home/vovo/web/webpack-custom-bundle/node_modules/.bin:/home/vovo/bin:/home/vovo/.local/bin:/usr/local/sbin:/usr/local/bin:/usr/sbin:/usr/bin:/sbin:/bin:/usr/games:/usr/local/games:/snap/bin
10 verbose lifecycle webpack-custom-bundle@1.0.0~dev: CWD: /home/vovo/web/webpack-custom-bundle
11 silly lifecycle webpack-custom-bundle@1.0.0~dev: Args: [ '-c',
11 silly lifecycle   'NODE_ENV=developmen webpack-dev-server --hot --progress' ]
12 silly lifecycle webpack-custom-bundle@1.0.0~dev: Returned: code: 137  signal: null
13 info lifecycle webpack-custom-bundle@1.0.0~dev: Failed to exec dev script
14 verbose stack Error: webpack-custom-bundle@1.0.0 dev: `NODE_ENV=developmen webpack-dev-server --hot --progress`
14 verbose stack Exit status 137
14 verbose stack     at EventEmitter.<anonymous> (/usr/lib/node_modules/npm/lib/utils/lifecycle.js:279:16)
14 verbose stack     at emitTwo (events.js:106:13)
14 verbose stack     at EventEmitter.emit (events.js:192:7)
14 verbose stack     at ChildProcess.<anonymous> (/usr/lib/node_modules/npm/lib/utils/spawn.js:40:14)
14 verbose stack     at emitTwo (events.js:106:13)
14 verbose stack     at ChildProcess.emit (events.js:192:7)
14 verbose stack     at maybeClose (internal/child_process.js:890:16)
14 verbose stack     at Process.ChildProcess._handle.onexit (internal/child_process.js:226:5)
15 verbose pkgid webpack-custom-bundle@1.0.0
16 verbose cwd /home/vovo/web/webpack-custom-bundle
17 error Linux 4.8.0-41-generic
18 error argv "/usr/bin/nodejs" "/usr/bin/npm" "run" "dev"
19 error node v7.5.0
20 error npm  v4.1.2
21 error code ELIFECYCLE
22 error webpack-custom-bundle@1.0.0 dev: `NODE_ENV=developmen webpack-dev-server --hot --progress`
22 error Exit status 137
23 error Failed at the webpack-custom-bundle@1.0.0 dev script 'NODE_ENV=developmen webpack-dev-server --hot --progress'.
23 error Make sure you have the latest version of node.js and npm installed.
23 error If you do, this is most likely a problem with the webpack-custom-bundle package,
23 error not with npm itself.
23 error Tell the author that this fails on your system:
23 error     NODE_ENV=developmen webpack-dev-server --hot --progress
23 error You can get information on how to open an issue for this project with:
23 error     npm bugs webpack-custom-bundle
23 error Or if that isn't available, you can get their info via:
23 error     npm owner ls webpack-custom-bundle
23 error There is likely additional logging output above.
24 verbose exit [ 1, true ]
